2021-06-12 11:28:51,879 INFO     client     Клиент подключился к 127.0.0.1:7777
2021-06-12 11:28:51,879 INFO     client     Аутентификация user...
2021-06-12 11:28:51,881 INFO     client     Сервер ответил: 202 Пользователь user аутентифицирован
2021-06-12 11:28:51,882 INFO     client     Шлем presence...
2021-06-12 11:28:51,883 INFO     client     Пользователь user присоединяется к чату #geekbrains...
2021-06-12 11:28:51,884 INFO     client     Сервер ответил: 200 Пользователь user присоединился к чату #geekbrains
2021-06-12 11:28:51,884 INFO     client     Шлем сообщение от user к #geekbrains: Всем привет в этом чатике!
2021-06-12 11:28:51,885 INFO     client     Сервер ответил: 200 Сообщение от user к #geekbrains доставлено
2021-06-12 11:28:51,885 INFO     client     Шлем сообщение от user к #geekbrains: Ну и больно надо...
2021-06-12 11:28:51,886 INFO     client     Сервер ответил: 200 Сообщение от user к #geekbrains доставлено
2021-06-12 11:28:51,886 INFO     client     Пользователь user выходит из чата #geekbrains...
2021-06-12 11:28:51,887 INFO     client     Сервер ответил: 200 Пользователь user покинул чат #geekbrains
2021-06-12 11:28:56,851 INFO     client     Клиент подключился к 127.0.0.1:7777
2021-06-12 11:28:56,851 INFO     client     Аутентификация user...
2021-06-12 11:28:56,854 INFO     client     Сервер ответил: 200 Пользователь user уже аутентифицирован
2021-06-12 11:28:56,855 INFO     client     Шлем presence...
2021-06-12 11:28:56,855 INFO     client     Пользователь user присоединяется к чату #geekbrains...
2021-06-12 11:28:56,856 INFO     client     Сервер ответил: 200 Пользователь user присоединился к чату #geekbrains
2021-06-12 11:28:56,856 INFO     client     Шлем сообщение от user к #geekbrains: Всем привет в этом чатике!
2021-06-12 11:28:56,857 INFO     client     Сервер ответил: 200 Сообщение от user к #geekbrains доставлено
2021-06-12 11:28:56,858 INFO     client     Шлем сообщение от user к #geekbrains: Ну и больно надо...
2021-06-12 11:28:56,858 INFO     client     Сервер ответил: 200 Сообщение от user к #geekbrains доставлено
2021-06-12 11:28:56,858 INFO     client     Пользователь user выходит из чата #geekbrains...
2021-06-12 11:28:56,859 INFO     client     Сервер ответил: 200 Пользователь user покинул чат #geekbrains
2021-06-12 11:29:12,123 CRITICAL client     Ошибка! Неправильный IP адрес localhost1:7777, проверьте правильность введенного адреса
2021-06-12 11:29:26,971 CRITICAL client     Ошибка! Сервер 127.0.0.1:2020 отклонил подключение, проверьте порт или сервер для подключения
2021-06-12 11:30:09,333 INFO     client     Клиент подключился к 127.0.0.1:7777
2021-06-12 11:30:09,334 INFO     client     Аутентификация user1...
2021-06-12 11:30:09,335 ERROR    client     Сервер ответил ошибкой: 402 Пользователь user1 не существует или введен неправильный пароль 
2021-06-12 11:30:09,336 INFO     client     Шлем presence...
2021-06-12 11:30:09,336 INFO     client     Пользователь user1 присоединяется к чату #geekbrains...
2021-06-12 11:30:09,338 ERROR    client     Сервер ответил ошибкой: 401 Пользователь user1 не авторизован
2021-06-12 11:30:09,339 INFO     client     Шлем сообщение от user1 к #geekbrains: Всем привет в этом чатике!
2021-06-12 11:30:09,340 ERROR    client     Сервер ответил ошибкой: 401 Пользователь user1 не авторизован
2021-06-12 11:30:09,341 INFO     client     Шлем сообщение от user1 к #geekbrains: Ну и больно надо...
2021-06-12 11:30:09,341 ERROR    client     Сервер ответил ошибкой: 401 Пользователь user1 не авторизован
2021-06-12 11:30:09,342 INFO     client     Пользователь user1 выходит из чата #geekbrains...
2021-06-12 11:30:09,343 ERROR    client     Сервер ответил ошибкой: 401 Пользователь user1 не авторизован
2021-06-12 11:30:23,758 INFO     client     Клиент подключился к 127.0.0.1:7777
2021-06-12 11:30:23,759 INFO     client     Аутентификация user...
2021-06-12 11:30:23,763 INFO     client     Сервер ответил: 200 Пользователь user уже аутентифицирован
2021-06-12 11:30:23,764 INFO     client     Шлем presence...
2021-06-12 11:30:23,765 INFO     client     Пользователь user выходит из чата #geekbrains...
2021-06-12 11:30:23,766 ERROR    client     Сервер ответил ошибкой: 403 Пользователь user не состоит в чате #geekbrains
2021-06-12 11:30:37,942 INFO     client     Клиент подключился к 127.0.0.1:7777
2021-06-12 11:30:37,943 INFO     client     Аутентификация user...
2021-06-12 11:30:37,945 INFO     client     Сервер ответил: 200 Пользователь user уже аутентифицирован
2021-06-12 11:30:37,946 INFO     client     Шлем presence...
2021-06-12 11:30:37,948 INFO     client     Пользователь user выходит из чата #geekbrains1...
2021-06-12 11:30:37,950 ERROR    client     Сервер ответил ошибкой: 400 Чата #geekbrains1 не существует
