2021-06-12 11:28:50,251 INFO     server     Сервер запущен по адресу :7777
2021-06-12 11:28:51,879 INFO     server     Соединение с клиентом установленно
2021-06-12 11:28:51,881 INFO     server     202: Пользователь user аутентифицирован
2021-06-12 11:28:51,884 INFO     server     200: Пользователь user присоединился к чату #geekbrains
2021-06-12 11:28:51,885 INFO     server     200: Сообщение от user к #geekbrains доставлено
2021-06-12 11:28:51,885 INFO     server     200: Сообщение от user к #geekbrains доставлено
2021-06-12 11:28:51,887 INFO     server     200: Пользователь user покинул чат #geekbrains
2021-06-12 11:28:51,887 INFO     server     Клиент отключился
2021-06-12 11:28:56,851 INFO     server     Соединение с клиентом установленно
2021-06-12 11:28:56,853 INFO     server     200: Пользователь user уже аутентифицирован
2021-06-12 11:28:56,856 INFO     server     200: Пользователь user присоединился к чату #geekbrains
2021-06-12 11:28:56,857 INFO     server     200: Сообщение от user к #geekbrains доставлено
2021-06-12 11:28:56,858 INFO     server     200: Сообщение от user к #geekbrains доставлено
2021-06-12 11:28:56,859 INFO     server     200: Пользователь user покинул чат #geekbrains
2021-06-12 11:28:56,860 INFO     server     Клиент отключился
2021-06-12 11:30:09,333 INFO     server     Соединение с клиентом установленно
2021-06-12 11:30:09,335 ERROR    server     402: Пользователь user1 не существует или введен неправильный пароль 
2021-06-12 11:30:09,337 ERROR    server     401: Пользователь user1 не авторизован
2021-06-12 11:30:09,338 ERROR    server     401: Пользователь user1 не авторизован
2021-06-12 11:30:09,340 ERROR    server     401: Пользователь user1 не авторизован
2021-06-12 11:30:09,341 ERROR    server     401: Пользователь user1 не авторизован
2021-06-12 11:30:09,343 ERROR    server     401: Пользователь user1 не авторизован
2021-06-12 11:30:09,345 INFO     server     Клиент отключился
2021-06-12 11:30:23,759 INFO     server     Соединение с клиентом установленно
2021-06-12 11:30:23,762 INFO     server     200: Пользователь user уже аутентифицирован
2021-06-12 11:30:23,766 ERROR    server     403: Пользователь user не состоит в чате #geekbrains
2021-06-12 11:30:23,766 INFO     server     Клиент отключился
2021-06-12 11:30:37,942 INFO     server     Соединение с клиентом установленно
2021-06-12 11:30:37,945 INFO     server     200: Пользователь user уже аутентифицирован
2021-06-12 11:30:37,949 ERROR    server     400: Чата #geekbrains1 не существует
2021-06-12 11:30:37,952 INFO     server     Клиент отключился
